<?xml version="1.0" encoding="UTF-8"?>
<!-- Generated by org.testng.reporters.JUnitReportReporter -->
<testsuite hostname="DESKTOP-TPQAGRT" name="mavenBuildDemo.Demo" tests="1" failures="0" timestamp="25 Apr 2018 05:51:42 GMT" time="0.003" errors="0">
  <testcase name="demoTest" time="0.003" classname="mavenBuildDemo.Demo"/>
</testsuite> <!-- mavenBuildDemo.Demo -->
