<?xml version="1.0" encoding="UTF-8"?>
<!-- Generated by org.testng.reporters.JUnitReportReporter -->
<testsuite hostname="DESKTOP-TPQAGRT" name="mavenBuildDemo.Demo" tests="2" failures="0" timestamp="9 May 2018 08:07:03 GMT" time="0.007" errors="0">
  <testcase name="demoTest2" time="0.001" classname="mavenBuildDemo.Demo"/>
  <testcase name="demoTest" time="0.006" classname="mavenBuildDemo.Demo"/>
</testsuite> <!-- mavenBuildDemo.Demo -->
