<?xml version="1.0" encoding="UTF-8"?>
<!-- Generated by org.testng.reporters.JUnitReportReporter -->
<testsuite hostname="DESKTOP-TPQAGRT" name="mavenBuildDemo.Demo" tests="2" failures="0" timestamp="26 Apr 2018 04:40:23 GMT" time="0.000" errors="0">
  <testcase name="demoTest2" time="0.000" classname="mavenBuildDemo.Demo"/>
  <testcase name="demoTest" time="0.000" classname="mavenBuildDemo.Demo"/>
</testsuite> <!-- mavenBuildDemo.Demo -->
