<?xml version="1.0" encoding="UTF-8"?>
<!-- Generated by org.testng.reporters.JUnitReportReporter -->
<testsuite hostname="DESKTOP-TPQAGRT" name="mavenBuildDemo.Demo" tests="1" failures="0" timestamp="24 Apr 2018 07:06:22 GMT" time="0.012" errors="0">
  <testcase name="demoTest" time="0.012" classname="mavenBuildDemo.Demo"/>
</testsuite> <!-- mavenBuildDemo.Demo -->
